<?xml version="1.0" encoding="UTF-8"?>
<!-- Generated by org.testng.reporters.JUnitXMLReporter -->
<testsuite ignored="2" hostname="DESKTOP-NI7S81B" failures="0" tests="1" name="Default test" time="67.887" errors="0" timestamp="2023-01-09T10:30:20 IST">
  <testcase classname="com.crm.qa.testcases.TaskPageTest" name="searchCustmerByNameTest" time="5.521"/>
  <testcase classname="com.crm.qa.testcases.TaskPageTest" name="verifyTaskPageTitleTest" time="0.0">
    <ignored/>
  </testcase> <!-- verifyTaskPageTitleTest -->
  <testcase classname="com.crm.qa.testcases.TaskPageTest" name="verifyCustmerSearchTextboxTest" time="0.0">
    <ignored/>
  </testcase> <!-- verifyCustmerSearchTextboxTest -->
</testsuite> <!-- Default test -->
