<?xml version="1.0" encoding="UTF-8"?>
<testng-results ignored="2" total="3" passed="1" failed="0" skipped="0">
  <reporter-output>
  </reporter-output>
  <suite started-at="2023-01-09T10:29:11 IST" name="Default suite" finished-at="2023-01-09T10:30:19 IST" duration-ms="67887">
    <groups>
    </groups>
    <test started-at="2023-01-09T10:29:11 IST" name="Default test" finished-at="2023-01-09T10:30:19 IST" duration-ms="67887">
      <class name="com.crm.qa.testcases.TaskPageTest">
        <test-method is-config="true" signature="setUp()[pri:0, instance:com.crm.qa.testcases.TaskPageTest@1757cd72]" started-at="2023-01-09T10:29:11 IST" name="setUp" finished-at="2023-01-09T10:30:09 IST" duration-ms="57665" status="PASS">
          <reporter-output>
          </reporter-output>
        </test-method> <!-- setUp -->
        <test-method signature="searchCustmerByNameTest()[pri:0, instance:com.crm.qa.testcases.TaskPageTest@1757cd72]" started-at="2023-01-09T10:30:09 IST" name="searchCustmerByNameTest" finished-at="2023-01-09T10:30:14 IST" duration-ms="5521" status="PASS">
          <reporter-output>
          </reporter-output>
        </test-method> <!-- searchCustmerByNameTest -->
        <test-method is-config="true" signature="tearDown()[pri:0, instance:com.crm.qa.testcases.TaskPageTest@1757cd72]" started-at="2023-01-09T10:30:14 IST" name="tearDown" finished-at="2023-01-09T10:30:19 IST" duration-ms="4439" status="PASS">
          <reporter-output>
          </reporter-output>
        </test-method> <!-- tearDown -->
      </class> <!-- com.crm.qa.testcases.TaskPageTest -->
    </test> <!-- Default test -->
  </suite> <!-- Default suite -->
</testng-results>
